<?xml version="1.0" encoding="UTF-8"?>
<!-- Generated by org.testng.reporters.JUnitXMLReporter -->
<testsuite ignored="0" hostname="EC2AMAZ-S11DBRH" failures="0" tests="3" name="Default test" time="12.513" errors="0" timestamp="2024-05-02T05:48:22 GMT">
  <testcase classname="CDPTest" name="captureConsoleLogTest" time="2.655"/>
  <testcase classname="CDPTest" name="deviceModeTest" time="0.797"/>
  <testcase classname="CDPTest" name="geoLocations" time="4.254"/>
</testsuite> <!-- Default test -->
