<?xml version="1.0" encoding="UTF-8"?>
<testng-results ignored="0" total="3" passed="3" failed="0" skipped="0">
  <reporter-output>
  </reporter-output>
  <suite started-at="2024-05-02T05:49:02 GMT" name="Suite" finished-at="2024-05-02T05:49:13 GMT" duration-ms="11641">
    <groups>
    </groups>
    <test started-at="2024-05-02T05:49:02 GMT" name="Test" finished-at="2024-05-02T05:49:13 GMT" duration-ms="11641">
      <class name="CDPTest">
        <test-method is-config="true" signature="setup()[pri:0, instance:CDPTest@7690781]" started-at="2024-05-02T05:49:02 GMT" name="setup" finished-at="2024-05-02T05:49:04 GMT" duration-ms="2008" status="PASS">
          <reporter-output>
          </reporter-output>
        </test-method> <!-- setup -->
        <test-method signature="captureConsoleLogTest()[pri:0, instance:CDPTest@7690781]" started-at="2024-05-02T05:49:04 GMT" name="captureConsoleLogTest" finished-at="2024-05-02T05:49:07 GMT" duration-ms="2664" status="PASS">
          <reporter-output>
          </reporter-output>
        </test-method> <!-- captureConsoleLogTest -->
        <test-method is-config="true" signature="tearDown()[pri:0, instance:CDPTest@7690781]" started-at="2024-05-02T05:49:07 GMT" name="tearDown" finished-at="2024-05-02T05:49:07 GMT" duration-ms="99" status="PASS">
          <reporter-output>
          </reporter-output>
        </test-method> <!-- tearDown -->
        <test-method is-config="true" signature="setup()[pri:0, instance:CDPTest@7690781]" started-at="2024-05-02T05:49:07 GMT" name="setup" finished-at="2024-05-02T05:49:08 GMT" duration-ms="1095" status="PASS">
          <reporter-output>
          </reporter-output>
        </test-method> <!-- setup -->
        <test-method signature="deviceModeTest()[pri:0, instance:CDPTest@7690781]" started-at="2024-05-02T05:49:08 GMT" name="deviceModeTest" finished-at="2024-05-02T05:49:09 GMT" duration-ms="816" status="PASS">
          <reporter-output>
          </reporter-output>
        </test-method> <!-- deviceModeTest -->
        <test-method is-config="true" signature="tearDown()[pri:0, instance:CDPTest@7690781]" started-at="2024-05-02T05:49:09 GMT" name="tearDown" finished-at="2024-05-02T05:49:09 GMT" duration-ms="119" status="PASS">
          <reporter-output>
          </reporter-output>
        </test-method> <!-- tearDown -->
        <test-method is-config="true" signature="setup()[pri:0, instance:CDPTest@7690781]" started-at="2024-05-02T05:49:09 GMT" name="setup" finished-at="2024-05-02T05:49:10 GMT" duration-ms="1111" status="PASS">
          <reporter-output>
          </reporter-output>
        </test-method> <!-- setup -->
        <test-method signature="geoLocations()[pri:0, instance:CDPTest@7690781]" started-at="2024-05-02T05:49:10 GMT" name="geoLocations" finished-at="2024-05-02T05:49:13 GMT" duration-ms="3554" status="PASS">
          <reporter-output>
          </reporter-output>
        </test-method> <!-- geoLocations -->
        <test-method is-config="true" signature="tearDown()[pri:0, instance:CDPTest@7690781]" started-at="2024-05-02T05:49:13 GMT" name="tearDown" finished-at="2024-05-02T05:49:13 GMT" duration-ms="126" status="PASS">
          <reporter-output>
          </reporter-output>
        </test-method> <!-- tearDown -->
      </class> <!-- CDPTest -->
    </test> <!-- Test -->
  </suite> <!-- Suite -->
</testng-results>
